[debug] [2023-04-11T21:05:37.953Z] ----------------------------------------------------------------------
[debug] [2023-04-11T21:05:37.964Z] Command:       C:\Program Files\nodejs\node.exe C:\Users\alank\AppData\Roaming\npm\node_modules\firebase-tools\lib\bin\firebase.js init
[debug] [2023-04-11T21:05:37.966Z] CLI Version:   11.25.3
[debug] [2023-04-11T21:05:37.966Z] Platform:      win32
[debug] [2023-04-11T21:05:37.966Z] Node Version:  v16.15.1
[debug] [2023-04-11T21:05:37.969Z] Time:          Wed Apr 12 2023 02:35:37 GMT+0530 (India Standard Time)
[debug] [2023-04-11T21:05:37.969Z] ----------------------------------------------------------------------
[debug] 
[debug] [2023-04-11T21:05:38.023Z] > command requires scopes: ["email","openid","https://www.googleapis.com/auth/cloudplatformprojects.readonly","https://www.googleapis.com/auth/firebase","https://www.googleapis.com/auth/cloud-platform"]
[debug] [2023-04-11T21:05:38.025Z] > authorizing via signed-in user (alankritachauhan1009@gmail.com)
[info] 
     ######## #### ########  ######## ########     ###     ######  ########
     ##        ##  ##     ## ##       ##     ##  ##   ##  ##       ##
     ######    ##  ########  ######   ########  #########  ######  ######
     ##        ##  ##    ##  ##       ##     ## ##     ##       ## ##
     ##       #### ##     ## ######## ########  ##     ##  ######  ########

You're about to initialize a Firebase project in this directory:

  C:\Users\alank\Desktop\Cure Soul

[info] 
=== Project Setup
[info] 
[info] First, let's associate this project directory with a Firebase project.
[info] You can create multiple project aliases by running firebase use --add, 
[info] but for now we'll just set up a default project.
[info] 
[debug] [2023-04-11T21:06:43.109Z] > refreshing access token with scopes: []
[debug] [2023-04-11T21:06:43.117Z] >>> [apiv2][query] POST https://www.googleapis.com/oauth2/v3/token [none]
[debug] [2023-04-11T21:06:43.118Z] >>> [apiv2][body] POST https://www.googleapis.com/oauth2/v3/token [omitted]
[debug] [2023-04-11T21:06:43.922Z] <<< [apiv2][status] POST https://www.googleapis.com/oauth2/v3/token 200
[debug] [2023-04-11T21:06:43.922Z] <<< [apiv2][body] POST https://www.googleapis.com/oauth2/v3/token [omitted]
[debug] [2023-04-11T21:06:44.053Z] >>> [apiv2][query] GET https://firebase.googleapis.com/v1beta1/projects pageSize=100
[debug] [2023-04-11T21:06:45.724Z] <<< [apiv2][status] GET https://firebase.googleapis.com/v1beta1/projects 200
[debug] [2023-04-11T21:06:45.724Z] <<< [apiv2][body] GET https://firebase.googleapis.com/v1beta1/projects [omitted]
[info] i  Using project cure-soul-ea685 (Cure Soul) 
[info] 
=== Hosting Setup
[info] 
[info] Your public directory is the folder (relative to your project directory) that
[info] will contain Hosting assets to be uploaded with firebase deploy. If you
[info] have a build process for your assets, use your build's output directory.
[info] 
